0 info it worked if it ends with ok
1 verbose cli [ 'C:\\Program Files\\nodejs\\node.exe',
1 verbose cli   'C:\\Program Files\\nodejs\\node_modules\\npm\\bin\\npm-cli.js',
1 verbose cli   'run',
1 verbose cli   'test' ]
2 info using npm@3.10.8
3 info using node@v6.9.1
4 verbose run-script [ 'pretest', 'test', 'posttest' ]
5 info lifecycle gof-js@1.0.0~pretest: gof-js@1.0.0
6 silly lifecycle gof-js@1.0.0~pretest: no script for pretest, continuing
7 info lifecycle gof-js@1.0.0~test: gof-js@1.0.0
8 verbose lifecycle gof-js@1.0.0~test: unsafe-perm in lifecycle true
9 verbose lifecycle gof-js@1.0.0~test: PATH: C:\Program Files\nodejs\node_modules\npm\bin\node-gyp-bin;C:\Code\Personal\CeroUno\Design Patterns\Design-Patterns-JS\node_modules\.bin;C:\ProgramData\Oracle\Java\javapath;C:\WINDOWS\system32;C:\WINDOWS;C:\WINDOWS\System32\Wbem;C:\WINDOWS\System32\WindowsPowerShell\v1.0\;C:\Program Files\Intel\WiFi\bin\;C:\Program Files\Common Files\Intel\WirelessCommon\;C:\Program Files\Microsoft SQL Server\130\Tools\Binn\;C:\Program Files (x86)\Microsoft SQL Server\Client SDK\ODBC\130\Tools\Binn\;C:\Program Files (x86)\Microsoft SQL Server\130\Tools\Binn\;C:\Program Files (x86)\Microsoft SQL Server\130\DTS\Binn\;C:\Program Files (x86)\Microsoft SQL Server\130\Tools\Binn\ManagementStudio\;C:\Program Files\Microsoft SQL Server\110\Tools\Binn\;C:\Program Files\nodejs\;C:\Program Files (x86)\GtkSharp\2.12\bin;C:\Program Files (x86)\Windows Kits\8.1\Windows Performance Toolkit\;C:\Program Files (x86)\Microsoft SDKs\TypeScript\1.0\;C:\Program Files\Microsoft SQL Server\120\Tools\Binn\;C:\Program Files (x86)\PuTTY\;C:\Program Files\dotnet\;C:\Program Files (x86)\Bitvise SSH Client;C:\Program Files\TortoiseGit\bin;C:\Program Files (x86)\MySQL\MySQL Utilities 1.6\;C:\HashiCorp\Vagrant\bin;C:\Program Files\Git\cmd;C:\WINDOWS\System32\OpenSSH\;C:\Users\Developer\AppData\Local\Programs\Python\Python36-32\Scripts\;C:\Users\Developer\AppData\Local\Programs\Python\Python36-32\;C:\Users\Developer\AppData\Local\atom\bin;C:\Users\Developer\AppData\Roaming\npm;C:\Users\Developer\AppData\Local\Microsoft\WindowsApps;C:\Program Files (x86)\Microsoft VS Code\bin;C:\Program Files\Docker Toolbox;C:\Program Files (x86)\GnuWin32\bin;
10 verbose lifecycle gof-js@1.0.0~test: CWD: C:\Code\Personal\CeroUno\Design Patterns\Design-Patterns-JS
11 silly lifecycle gof-js@1.0.0~test: Args: [ '/d /s /c', 'mocha test --compilers js:babel-core/register' ]
12 silly lifecycle gof-js@1.0.0~test: Returned: code: 1  signal: null
13 info lifecycle gof-js@1.0.0~test: Failed to exec test script
14 verbose stack Error: gof-js@1.0.0 test: `mocha test --compilers js:babel-core/register`
14 verbose stack Exit status 1
14 verbose stack     at EventEmitter.<anonymous> (C:\Program Files\nodejs\node_modules\npm\lib\utils\lifecycle.js:255:16)
14 verbose stack     at emitTwo (events.js:106:13)
14 verbose stack     at EventEmitter.emit (events.js:191:7)
14 verbose stack     at ChildProcess.<anonymous> (C:\Program Files\nodejs\node_modules\npm\lib\utils\spawn.js:40:14)
14 verbose stack     at emitTwo (events.js:106:13)
14 verbose stack     at ChildProcess.emit (events.js:191:7)
14 verbose stack     at maybeClose (internal/child_process.js:877:16)
14 verbose stack     at Process.ChildProcess._handle.onexit (internal/child_process.js:226:5)
15 verbose pkgid gof-js@1.0.0
16 verbose cwd C:\Code\Personal\CeroUno\Design Patterns\Design-Patterns-JS
17 error Windows_NT 10.0.17134
18 error argv "C:\\Program Files\\nodejs\\node.exe" "C:\\Program Files\\nodejs\\node_modules\\npm\\bin\\npm-cli.js" "run" "test"
19 error node v6.9.1
20 error npm  v3.10.8
21 error code ELIFECYCLE
22 error gof-js@1.0.0 test: `mocha test --compilers js:babel-core/register`
22 error Exit status 1
23 error Failed at the gof-js@1.0.0 test script 'mocha test --compilers js:babel-core/register'.
23 error Make sure you have the latest version of node.js and npm installed.
23 error If you do, this is most likely a problem with the gof-js package,
23 error not with npm itself.
23 error Tell the author that this fails on your system:
23 error     mocha test --compilers js:babel-core/register
23 error You can get information on how to open an issue for this project with:
23 error     npm bugs gof-js
23 error Or if that isn't available, you can get their info via:
23 error     npm owner ls gof-js
23 error There is likely additional logging output above.
24 verbose exit [ 1, true ]
